AUTH ERROR DETAILED: 1 validation error for UserInDB
phone
  Input should be a valid string [type=string_type, input_value=None, input_type=NoneType]
    For further information visit https://errors.pydantic.dev/2.12/v/string_type
Traceback (most recent call last):
  File "C:\Users\Nayanendu\Desktop\Dealicious\backend\auth.py", line 58, in get_current_user
    return UserInDB(**user_data)
  File "C:\Users\Nayanendu\AppData\Roaming\Python\Python313\site-packages\pydantic\main.py", line 250, in __init__
    validated_self = self.__pydantic_validator__.validate_python(data, self_instance=self)
pydantic_core._pydantic_core.ValidationError: 1 validation error for UserInDB
phone
  Input should be a valid string [type=string_type, input_value=None, input_type=NoneType]
    For further information visit https://errors.pydantic.dev/2.12/v/string_type

AUTH ERROR DETAILED: 1 validation error for UserInDB
phone
  Input should be a valid string [type=string_type, input_value=None, input_type=NoneType]
    For further information visit https://errors.pydantic.dev/2.12/v/string_type
Traceback (most recent call last):
  File "C:\Users\Nayanendu\Desktop\Dealicious\backend\auth.py", line 58, in get_current_user
    return UserInDB(**user_data)
  File "C:\Users\Nayanendu\AppData\Roaming\Python\Python313\site-packages\pydantic\main.py", line 250, in __init__
    validated_self = self.__pydantic_validator__.validate_python(data, self_instance=self)
pydantic_core._pydantic_core.ValidationError: 1 validation error for UserInDB
phone
  Input should be a valid string [type=string_type, input_value=None, input_type=NoneType]
    For further information visit https://errors.pydantic.dev/2.12/v/string_type

